<?xml version="1.0" encoding="UTF-8"?>
<!-- Generated by org.testng.reporters.JUnitXMLReporter -->
<testsuite ignored="0" hostname="LAPTOP-BMLCM6GD" failures="0" tests="3" name="Test" time="76.325" errors="0" timestamp="2024-09-11T15:07:09 BDT">
  <testcase classname="InsuranceCalculator_Motorcycle.EndtoEndTests_Motorcycle" name="InsuranceCalculator_VolvoMotor" time="0.05"/>
  <testcase classname="InsuranceCalculator_Motorcycle.EndtoEndTests_Motorcycle" name="InsuranceCalculator_fordMotor" time="0.008"/>
  <testcase classname="InsuranceCalculator_Motorcycle.ErrorTests_Motorcycle" name="errorMessage_PayloadField" time="8.556"/>
</testsuite> <!-- Test -->
